d:\github\big\debug\vc142.pdb
d:\github\big\debug\util.obj
d:\github\big\debug\sub.obj
d:\github\big\debug\string.obj
d:\github\big\debug\main.obj
d:\github\big\debug\cstring.obj
d:\github\big\debug\bigdecimal.obj
d:\github\big\debug\add.obj
d:\github\big\debug\big-calculation-c++.exp
d:\github\big\debug\big-calculation-c++.pdb
d:\github\big\debug\big-calc.a5fa5c6f.tlog\cl.command.1.tlog
d:\github\big\debug\big-calc.a5fa5c6f.tlog\cl.read.1.tlog
d:\github\big\debug\big-calc.a5fa5c6f.tlog\cl.write.1.tlog
d:\github\big\debug\big-calc.a5fa5c6f.tlog\link-cvtres.read.1.tlog
d:\github\big\debug\big-calc.a5fa5c6f.tlog\link-cvtres.write.1.tlog
d:\github\big\debug\big-calc.a5fa5c6f.tlog\link-rc.read.1.tlog
d:\github\big\debug\big-calc.a5fa5c6f.tlog\link-rc.write.1.tlog
d:\github\big\debug\big-calc.a5fa5c6f.tlog\link.command.1.tlog
d:\github\big\debug\big-calc.a5fa5c6f.tlog\link.read.1.tlog
d:\github\big\debug\big-calc.a5fa5c6f.tlog\link.write.1.tlog
