d:\github\handling-big-numbers\debug\vc142.pdb
d:\github\handling-big-numbers\debug\vc142.idb
d:\github\handling-big-numbers\debug\util.obj
d:\github\handling-big-numbers\debug\tri.obj
d:\github\handling-big-numbers\debug\sub.obj
d:\github\handling-big-numbers\debug\string.obj
d:\github\handling-big-numbers\debug\mul.obj
d:\github\handling-big-numbers\debug\math.obj
d:\github\handling-big-numbers\debug\main.obj
d:\github\handling-big-numbers\debug\div.obj
d:\github\handling-big-numbers\debug\bit.obj
d:\github\handling-big-numbers\debug\bigdecimal.obj
d:\github\handling-big-numbers\debug\add.obj
d:\github\handling-big-numbers\debug\handling-big-numbers.exe
d:\github\handling-big-numbers\debug\handling-big-numbers.ilk
d:\github\handling-big-numbers\debug\handling-big-numbers.pdb
d:\github\handling-big-numbers\debug\util.obj.enc
d:\github\handling-big-numbers\debug\handling.56f360fa.tlog\cl.command.1.tlog
d:\github\handling-big-numbers\debug\handling.56f360fa.tlog\cl.read.1.tlog
d:\github\handling-big-numbers\debug\handling.56f360fa.tlog\cl.write.1.tlog
d:\github\handling-big-numbers\debug\handling.56f360fa.tlog\link.command.1.tlog
d:\github\handling-big-numbers\debug\handling.56f360fa.tlog\link.read.1.tlog
d:\github\handling-big-numbers\debug\handling.56f360fa.tlog\link.write.1.tlog
